<?xml version="1.0" encoding="UTF-8"?>
<testng-results ignored="0" total="1" passed="1" failed="0" skipped="0">
  <reporter-output>
  </reporter-output>
  <suite started-at="2020-05-14T17:18:59 CST" name="我自己的接口测试套件" finished-at="2020-05-14T17:19:00 CST" duration-ms="966">
    <groups>
    </groups>
    <test started-at="2020-05-14T17:18:59 CST" name="Default test" finished-at="2020-05-14T17:19:00 CST" duration-ms="966">
      <class name="APItest.test_CheckSmsApi">
        <test-method signature="testLogin(java.util.Map)[pri:0, instance:APItest.test_CheckSmsApi@2eae8e6e]" started-at="2020-05-14T17:19:00 CST" name="testLogin" data-provider="CheckSmsProvider" finished-at="2020-05-14T17:19:00 CST" duration-ms="228" status="PASS">
          <params>
            <param index="0">
              <value>
                <![CDATA[{level=null, subname=null, expected=ERROR, description=null, ID=null, businessType=LOGIN, body={
 "platform" : "WEB",
"businessType" : "LOGIN",  
"userId" : "8471814", 
"receiver" : "15036770523"
 
}, depency={
 "platform" : "WEB",
"businessType" : "LOGIN",  
"receiver" : "15036770523",
 "cnum": "86"
}}]]>
              </value>
            </param>
          </params>
          <reporter-output>
          </reporter-output>
        </test-method> <!-- testLogin -->
      </class> <!-- APItest.test_CheckSmsApi -->
    </test> <!-- Default test -->
  </suite> <!-- 我自己的接口测试套件 -->
</testng-results>
