<?xml version="1.0" encoding="UTF-8"?>
<!-- Generated by org.testng.reporters.JUnitXMLReporter -->
<testsuite ignored="0" hostname="3Q6AKPMTBB7X3XT" failures="1" tests="1" name="Default test" time="1.672" errors="0" timestamp="2020-04-27T14:26:54 CST">
  <testcase classname="APItest.test_SendsmsApi" name="testSend" time="1.635">
    <failure type="java.lang.Throwable">
      <![CDATA[java.lang.Throwable
at message : 预期是:codeString实际是：SUCCESS expected [SUCCESS] but found [SYSTEM_ERROR] in method : .testSend(test_SendsmsApi:47)
at APItest.test_SendsmsApi.testSend(test_SendsmsApi.java:47)
at message : 预期是:codeString实际是：SUCCESS expected [SUCCESS] but found [SYSTEM_ERROR] in method : .testSend(test_SendsmsApi:47)
at APItest.test_SendsmsApi.testSend(test_SendsmsApi.java:47)
at message : 预期是:codeString实际是：SUCCESS expected [SUCCESS] but found [SYSTEM_ERROR] in method : .testSend(test_SendsmsApi:47)
at APItest.test_SendsmsApi.testSend(test_SendsmsApi.java:47)
at message : 预期是:codeString实际是：SUCCESS expected [SUCCESS] but found [SYSTEM_ERROR] in method : .testSend(test_SendsmsApi:47)
at APItest.test_SendsmsApi.testSend(test_SendsmsApi.java:47)
at message : 预期是:codeString实际是：SUCCESS expected [SUCCESS] but found [SYSTEM_ERROR] in method : .testSend(test_SendsmsApi:47)
at APItest.test_SendsmsApi.testSend(test_SendsmsApi.java:47)
at message : 预期是:codeString实际是：SUCCESS expected [SUCCESS] but found [SYSTEM_ERROR] in method : .testSend(test_SendsmsApi:47)
at APItest.test_SendsmsApi.testSend(test_SendsmsApi.java:47)
at message : 预期是:codeString实际是：SUCCESS expected [SUCCESS] but found [SYSTEM_ERROR] in method : .testSend(test_SendsmsApi:47)
at APItest.test_SendsmsApi.testSend(test_SendsmsApi.java:47)
at message : 预期是:codeString实际是：SUCCESS expected [SUCCESS] but found [SYSTEM_ERROR] in method : .testSend(test_SendsmsApi:47)
at APItest.test_SendsmsApi.testSend(test_SendsmsApi.java:47)
]]>
    </failure>
  </testcase> <!-- testSend -->
</testsuite> <!-- Default test -->
