<?xml version="1.0" encoding="UTF-8"?>
<testng-results ignored="0" total="1" passed="1" failed="0" skipped="0">
  <reporter-output>
  </reporter-output>
  <suite started-at="2020-04-29T10:13:15 CST" name="Default suite" finished-at="2020-04-29T10:13:16 CST" duration-ms="1054">
    <groups>
    </groups>
    <test started-at="2020-04-29T10:13:15 CST" name="Default test" finished-at="2020-04-29T10:13:16 CST" duration-ms="1054">
      <class name="APItest.test_LoginApi">
        <test-method is-config="true" signature="beforeMethod()[pri:0, instance:APItest.test_LoginApi@54c5a2ff]" started-at="2020-04-29T10:13:15 CST" name="beforeMethod" finished-at="2020-04-29T10:13:15 CST" duration-ms="5" status="PASS">
          <reporter-output>
          </reporter-output>
        </test-method> <!-- beforeMethod -->
        <test-method signature="testLogin()[pri:0, instance:APItest.test_LoginApi@54c5a2ff]" started-at="2020-04-29T10:13:15 CST" name="testLogin" finished-at="2020-04-29T10:13:16 CST" duration-ms="1017" status="PASS">
          <reporter-output>
          </reporter-output>
        </test-method> <!-- testLogin -->
        <test-method is-config="true" signature="afterMethod()[pri:0, instance:APItest.test_LoginApi@54c5a2ff]" started-at="2020-04-29T10:13:16 CST" name="afterMethod" finished-at="2020-04-29T10:13:16 CST" duration-ms="0" status="PASS">
          <reporter-output>
          </reporter-output>
        </test-method> <!-- afterMethod -->
      </class> <!-- APItest.test_LoginApi -->
    </test> <!-- Default test -->
  </suite> <!-- Default suite -->
</testng-results>
